{"/Users/kyawwinn/iCloud Drive (Archive)/Desktop/AKP/AKpaing/Projects/odin_projects/jestTesting_TOP/main.js": {"path":"/Users/kyawwinn/iCloud Drive (Archive)/Desktop/AKP/AKpaing/Projects/odin_projects/jestTesting_TOP/main.js","statementMap":{"0":{"start":{"line":5,"column":2},"end":{"line":5,"column":38}},"1":{"start":{"line":5,"column":31},"end":{"line":5,"column":38}},"2":{"start":{"line":6,"column":14},"end":{"line":6,"column":27}},"3":{"start":{"line":7,"column":2},"end":{"line":7,"column":36}},"4":{"start":{"line":8,"column":2},"end":{"line":8,"column":24}},"5":{"start":{"line":12,"column":2},"end":{"line":12,"column":14}}},"fnMap":{"0":{"name":"capitalize","decl":{"start":{"line":4,"column":16},"end":{"line":4,"column":26}},"loc":{"start":{"line":4,"column":32},"end":{"line":9,"column":1}},"line":4},"1":{"name":"reverseString","decl":{"start":{"line":11,"column":16},"end":{"line":11,"column":29}},"loc":{"start":{"line":11,"column":32},"end":{"line":13,"column":1}},"line":11}},"branchMap":{"0":{"loc":{"start":{"line":5,"column":2},"end":{"line":5,"column":38}},"type":"if","locations":[{"start":{"line":5,"column":2},"end":{"line":5,"column":38}},{"start":{},"end":{}}],"line":5}},"s":{"0":1,"1":0,"2":1,"3":1,"4":1,"5":1},"f":{"0":1,"1":1},"b":{"0":[0,1]},"_coverageSchema":"1a1c01bbd47fc00a2c39e90264f33305004495a9","hash":"f4e0a34c70beb7b19c2c6439ee5904299b215115"}
}
